Now listening on: https://localhost:7123
Now listening on: http://localhost:5123
Application started. Press Ctrl+C to shut down.
Hosting environment: Development
Content root path: E:\Com2us\V22\V22WebServer\V22WebServer\
Application is shutting down...
Now listening on: https://localhost:7123
Now listening on: http://localhost:5123
Application started. Press Ctrl+C to shut down.
Hosting environment: Development
Content root path: E:\Com2us\V22\V22WebServer\V22WebServer\
Application is shutting down...
Now listening on: https://localhost:7123
Now listening on: http://localhost:5123
Application started. Press Ctrl+C to shut down.
Hosting environment: Development
Content root path: E:\Com2us\V22\V22WebServer\V22WebServer\
An unhandled exception has occurred while executing the request.
MySqlConnector.MySqlException: Unknown database 'con2usv22db'
   at MySqlConnector.Core.ServerSession.ReceiveReplyAsyncAwaited(ValueTask`1 task) in /_/src/MySqlConnector/Core/ServerSession.cs:line 966
   at MySqlConnector.Core.ServerSession.SwitchAuthenticationAsync(ConnectionSettings cs, String password, PayloadData payload, IOBehavior ioBehavior, CancellationToken cancellationToken) in /_/src/MySqlConnector/Core/ServerSession.cs:line 743
   at MySqlConnector.Core.ServerSession.ConnectAsync(ConnectionSettings cs, MySqlConnection connection, Int32 startTickCount, ILoadBalancer loadBalancer, Activity activity, IOBehavior ioBehavior, CancellationToken cancellationToken) in /_/src/MySqlConnector/Core/ServerSession.cs:line 577
   at MySqlConnector.Core.ConnectionPool.ConnectSessionAsync(MySqlConnection connection, String logMessage, Int32 startTickCount, Activity activity, IOBehavior ioBehavior, CancellationToken cancellationToken) in /_/src/MySqlConnector/Core/ConnectionPool.cs:line 394
   at MySqlConnector.Core.ConnectionPool.GetSessionAsync(MySqlConnection connection, Int32 startTickCount, Activity activity, IOBehavior ioBehavior, CancellationToken cancellationToken) in /_/src/MySqlConnector/Core/ConnectionPool.cs:line 97
   at MySqlConnector.Core.ConnectionPool.GetSessionAsync(MySqlConnection connection, Int32 startTickCount, Activity activity, IOBehavior ioBehavior, CancellationToken cancellationToken) in /_/src/MySqlConnector/Core/ConnectionPool.cs:line 127
   at MySqlConnector.MySqlConnection.CreateSessionAsync(ConnectionPool pool, Int32 startTickCount, Activity activity, Nullable`1 ioBehavior, CancellationToken cancellationToken) in /_/src/MySqlConnector/MySqlConnection.cs:line 922
   at MySqlConnector.MySqlConnection.OpenAsync(Nullable`1 ioBehavior, CancellationToken cancellationToken) in /_/src/MySqlConnector/MySqlConnection.cs:line 422
   at V22WebServer.Service.Database.Database.GetOpenMySqlConnection(String connectionString) in E:\Com2us\V22\V22WebServer\V22WebServer\Service\DataBase\Database.cs:line 31
   at V22WebServer.Service.Database.Database.GetAccountDbConnection() in E:\Com2us\V22\V22WebServer\V22WebServer\Service\DataBase\Database.cs:line 25
   at V22WebServer.Controllers.CreateAccount.Post(PkCreateAccountRequest request) in E:\Com2us\V22\V22WebServer\V22WebServer\Controllers\CreateAccount.cs:line 21
   at lambda_method4(Closure , Object )
   at Microsoft.AspNetCore.Mvc.Infrastructure.ActionMethodExecutor.AwaitableObjectResultExecutor.Execute(IActionResultTypeMapper mapper, ObjectMethodExecutor executor, Object controller, Object[] arguments)
   at Microsoft.AspNetCore.Mvc.Infrastructure.ControllerActionInvoker.<InvokeActionMethodAsync>g__Awaited|12_0(ControllerActionInvoker invoker, ValueTask`1 actionResultValueTask)
   at Microsoft.AspNetCore.Mvc.Infrastructure.ControllerActionInvoker.<InvokeNextActionFilterAsync>g__Awaited|10_0(ControllerActionInvoker invoker, Task lastTask, State next, Scope scope, Object state, Boolean isCompleted)
   at Microsoft.AspNetCore.Mvc.Infrastructure.ControllerActionInvoker.Rethrow(ActionExecutedContextSealed context)
   at Microsoft.AspNetCore.Mvc.Infrastructure.ControllerActionInvoker.Next(State& next, Scope& scope, Object& state, Boolean& isCompleted)
   at Microsoft.AspNetCore.Mvc.Infrastructure.ControllerActionInvoker.<InvokeInnerFilterAsync>g__Awaited|13_0(ControllerActionInvoker invoker, Task lastTask, State next, Scope scope, Object state, Boolean isCompleted)
   at Microsoft.AspNetCore.Mvc.Infrastructure.ResourceInvoker.<InvokeFilterPipelineAsync>g__Awaited|20_0(ResourceInvoker invoker, Task lastTask, State next, Scope scope, Object state, Boolean isCompleted)
   at Microsoft.AspNetCore.Mvc.Infrastructure.ResourceInvoker.<InvokeAsync>g__Awaited|17_0(ResourceInvoker invoker, Task task, IDisposable scope)
   at Microsoft.AspNetCore.Mvc.Infrastructure.ResourceInvoker.<InvokeAsync>g__Awaited|17_0(ResourceInvoker invoker, Task task, IDisposable scope)
   at Microsoft.AspNetCore.Routing.EndpointMiddleware.<Invoke>g__AwaitRequestTask|6_0(Endpoint endpoint, Task requestTask, ILogger logger)
   at V22WebServer.MiddleWare.UserSessionMiddleWare.InvokeAsync(HttpContext context) in E:\Com2us\V22\V22WebServer\V22WebServer\MiddleWare\UserSessionMiddleWare.cs:line 41
   at Microsoft.AspNetCore.Diagnostics.DeveloperExceptionPageMiddleware.Invoke(HttpContext context)
Application is shutting down...
Now listening on: https://localhost:7123
Now listening on: http://localhost:5123
Application started. Press Ctrl+C to shut down.
Hosting environment: Development
Content root path: E:\Com2us\V22\V22WebServer\V22WebServer\
Application is shutting down...
Now listening on: https://localhost:7123
Now listening on: http://localhost:5123
Application started. Press Ctrl+C to shut down.
Hosting environment: Development
Content root path: E:\Com2us\V22\V22WebServer\V22WebServer\
Application is shutting down...
Now listening on: https://localhost:7123
Now listening on: http://localhost:5123
Application started. Press Ctrl+C to shut down.
Hosting environment: Development
Content root path: E:\Com2us\V22\V22WebServer\V22WebServer\
An unhandled exception has occurred while executing the request.
System.InvalidOperationException: Unable to resolve service for type 'Microsoft.Extensions.Caching.Memory.IMemoryCache' while attempting to activate 'V22WebServer.Controllers.LoginController'.
   at Microsoft.Extensions.DependencyInjection.ActivatorUtilities.GetService(IServiceProvider sp, Type type, Type requiredBy, Boolean isDefaultParameterRequired)
   at lambda_method16(Closure , IServiceProvider , Object[] )
   at Microsoft.AspNetCore.Mvc.Controllers.ControllerActivatorProvider.<>c__DisplayClass7_0.<CreateActivator>b__0(ControllerContext controllerContext)
   at Microsoft.AspNetCore.Mvc.Controllers.ControllerFactoryProvider.<>c__DisplayClass6_0.<CreateControllerFactory>g__CreateController|0(ControllerContext controllerContext)
   at Microsoft.AspNetCore.Mvc.Infrastructure.ControllerActionInvoker.Next(State& next, Scope& scope, Object& state, Boolean& isCompleted)
   at Microsoft.AspNetCore.Mvc.Infrastructure.ControllerActionInvoker.InvokeInnerFilterAsync()
--- End of stack trace from previous location ---
   at Microsoft.AspNetCore.Mvc.Infrastructure.ResourceInvoker.<InvokeFilterPipelineAsync>g__Awaited|20_0(ResourceInvoker invoker, Task lastTask, State next, Scope scope, Object state, Boolean isCompleted)
   at Microsoft.AspNetCore.Mvc.Infrastructure.ResourceInvoker.<InvokeAsync>g__Awaited|17_0(ResourceInvoker invoker, Task task, IDisposable scope)
   at Microsoft.AspNetCore.Mvc.Infrastructure.ResourceInvoker.<InvokeAsync>g__Awaited|17_0(ResourceInvoker invoker, Task task, IDisposable scope)
   at Microsoft.AspNetCore.Routing.EndpointMiddleware.<Invoke>g__AwaitRequestTask|6_0(Endpoint endpoint, Task requestTask, ILogger logger)
   at V22WebServer.MiddleWare.UserSessionMiddleWare.InvokeAsync(HttpContext context) in E:\Com2us\V22\V22WebServer\V22WebServer\MiddleWare\UserSessionMiddleWare.cs:line 41
   at Microsoft.AspNetCore.Diagnostics.DeveloperExceptionPageMiddleware.Invoke(HttpContext context)
Application is shutting down...
Now listening on: https://localhost:7123
Now listening on: http://localhost:5123
Application started. Press Ctrl+C to shut down.
Hosting environment: Development
Content root path: E:\Com2us\V22\V22WebServer\V22WebServer\
An unhandled exception has occurred while executing the request.
System.InvalidOperationException: Unable to resolve service for type 'Microsoft.Extensions.Caching.Memory.IMemoryCache' while attempting to activate 'V22WebServer.Controllers.LoginController'.
   at Microsoft.Extensions.DependencyInjection.ActivatorUtilities.GetService(IServiceProvider sp, Type type, Type requiredBy, Boolean isDefaultParameterRequired)
   at lambda_method8(Closure , IServiceProvider , Object[] )
   at Microsoft.AspNetCore.Mvc.Controllers.ControllerActivatorProvider.<>c__DisplayClass7_0.<CreateActivator>b__0(ControllerContext controllerContext)
   at Microsoft.AspNetCore.Mvc.Controllers.ControllerFactoryProvider.<>c__DisplayClass6_0.<CreateControllerFactory>g__CreateController|0(ControllerContext controllerContext)
   at Microsoft.AspNetCore.Mvc.Infrastructure.ControllerActionInvoker.Next(State& next, Scope& scope, Object& state, Boolean& isCompleted)
   at Microsoft.AspNetCore.Mvc.Infrastructure.ControllerActionInvoker.InvokeInnerFilterAsync()
--- End of stack trace from previous location ---
   at Microsoft.AspNetCore.Mvc.Infrastructure.ResourceInvoker.<InvokeFilterPipelineAsync>g__Awaited|20_0(ResourceInvoker invoker, Task lastTask, State next, Scope scope, Object state, Boolean isCompleted)
   at Microsoft.AspNetCore.Mvc.Infrastructure.ResourceInvoker.<InvokeAsync>g__Awaited|17_0(ResourceInvoker invoker, Task task, IDisposable scope)
   at Microsoft.AspNetCore.Mvc.Infrastructure.ResourceInvoker.<InvokeAsync>g__Awaited|17_0(ResourceInvoker invoker, Task task, IDisposable scope)
   at Microsoft.AspNetCore.Routing.EndpointMiddleware.<Invoke>g__AwaitRequestTask|6_0(Endpoint endpoint, Task requestTask, ILogger logger)
   at V22WebServer.MiddleWare.UserSessionMiddleWare.InvokeAsync(HttpContext context) in E:\Com2us\V22\V22WebServer\V22WebServer\MiddleWare\UserSessionMiddleWare.cs:line 41
   at Microsoft.AspNetCore.Diagnostics.DeveloperExceptionPageMiddleware.Invoke(HttpContext context)
Now listening on: https://localhost:7123
Now listening on: http://localhost:5123
Application started. Press Ctrl+C to shut down.
Hosting environment: Development
Content root path: E:\Com2us\V22\V22WebServer\V22WebServer\
An unhandled exception has occurred while executing the request.
System.InvalidOperationException: Unable to resolve service for type 'Microsoft.Extensions.Caching.Memory.IMemoryCache' while attempting to activate 'V22WebServer.Controllers.LoginController'.
   at Microsoft.Extensions.DependencyInjection.ActivatorUtilities.GetService(IServiceProvider sp, Type type, Type requiredBy, Boolean isDefaultParameterRequired)
   at lambda_method8(Closure , IServiceProvider , Object[] )
   at Microsoft.AspNetCore.Mvc.Controllers.ControllerActivatorProvider.<>c__DisplayClass7_0.<CreateActivator>b__0(ControllerContext controllerContext)
   at Microsoft.AspNetCore.Mvc.Controllers.ControllerFactoryProvider.<>c__DisplayClass6_0.<CreateControllerFactory>g__CreateController|0(ControllerContext controllerContext)
   at Microsoft.AspNetCore.Mvc.Infrastructure.ControllerActionInvoker.Next(State& next, Scope& scope, Object& state, Boolean& isCompleted)
   at Microsoft.AspNetCore.Mvc.Infrastructure.ControllerActionInvoker.InvokeInnerFilterAsync()
--- End of stack trace from previous location ---
   at Microsoft.AspNetCore.Mvc.Infrastructure.ResourceInvoker.<InvokeFilterPipelineAsync>g__Awaited|20_0(ResourceInvoker invoker, Task lastTask, State next, Scope scope, Object state, Boolean isCompleted)
   at Microsoft.AspNetCore.Mvc.Infrastructure.ResourceInvoker.<InvokeAsync>g__Awaited|17_0(ResourceInvoker invoker, Task task, IDisposable scope)
   at Microsoft.AspNetCore.Mvc.Infrastructure.ResourceInvoker.<InvokeAsync>g__Awaited|17_0(ResourceInvoker invoker, Task task, IDisposable scope)
   at Microsoft.AspNetCore.Routing.EndpointMiddleware.<Invoke>g__AwaitRequestTask|6_0(Endpoint endpoint, Task requestTask, ILogger logger)
   at V22WebServer.MiddleWare.UserSessionMiddleWare.InvokeAsync(HttpContext context) in E:\Com2us\V22\V22WebServer\V22WebServer\MiddleWare\UserSessionMiddleWare.cs:line 41
   at Microsoft.AspNetCore.Diagnostics.DeveloperExceptionPageMiddleware.Invoke(HttpContext context)
Application is shutting down...
Now listening on: https://localhost:7123
Now listening on: http://localhost:5123
Application started. Press Ctrl+C to shut down.
Hosting environment: Development
Content root path: E:\Com2us\V22\V22WebServer\V22WebServer\
An unhandled exception has occurred while executing the request.
System.InvalidOperationException: Unable to resolve service for type 'Microsoft.Extensions.Caching.Memory.IMemoryCache' while attempting to activate 'V22WebServer.Controllers.LoginController'.
   at Microsoft.Extensions.DependencyInjection.ActivatorUtilities.GetService(IServiceProvider sp, Type type, Type requiredBy, Boolean isDefaultParameterRequired)
   at lambda_method8(Closure , IServiceProvider , Object[] )
   at Microsoft.AspNetCore.Mvc.Controllers.ControllerActivatorProvider.<>c__DisplayClass7_0.<CreateActivator>b__0(ControllerContext controllerContext)
   at Microsoft.AspNetCore.Mvc.Controllers.ControllerFactoryProvider.<>c__DisplayClass6_0.<CreateControllerFactory>g__CreateController|0(ControllerContext controllerContext)
   at Microsoft.AspNetCore.Mvc.Infrastructure.ControllerActionInvoker.Next(State& next, Scope& scope, Object& state, Boolean& isCompleted)
   at Microsoft.AspNetCore.Mvc.Infrastructure.ControllerActionInvoker.InvokeInnerFilterAsync()
--- End of stack trace from previous location ---
   at Microsoft.AspNetCore.Mvc.Infrastructure.ResourceInvoker.<InvokeFilterPipelineAsync>g__Awaited|20_0(ResourceInvoker invoker, Task lastTask, State next, Scope scope, Object state, Boolean isCompleted)
   at Microsoft.AspNetCore.Mvc.Infrastructure.ResourceInvoker.<InvokeAsync>g__Awaited|17_0(ResourceInvoker invoker, Task task, IDisposable scope)
   at Microsoft.AspNetCore.Mvc.Infrastructure.ResourceInvoker.<InvokeAsync>g__Awaited|17_0(ResourceInvoker invoker, Task task, IDisposable scope)
   at Microsoft.AspNetCore.Routing.EndpointMiddleware.<Invoke>g__AwaitRequestTask|6_0(Endpoint endpoint, Task requestTask, ILogger logger)
   at V22WebServer.MiddleWare.UserSessionMiddleWare.InvokeAsync(HttpContext context) in E:\Com2us\V22\V22WebServer\V22WebServer\MiddleWare\UserSessionMiddleWare.cs:line 41
   at Microsoft.AspNetCore.Diagnostics.DeveloperExceptionPageMiddleware.Invoke(HttpContext context)
An unhandled exception has occurred while executing the request.
System.InvalidOperationException: Unable to resolve service for type 'Microsoft.Extensions.Caching.Memory.IMemoryCache' while attempting to activate 'V22WebServer.Controllers.LoginController'.
   at Microsoft.Extensions.DependencyInjection.ActivatorUtilities.GetService(IServiceProvider sp, Type type, Type requiredBy, Boolean isDefaultParameterRequired)
   at lambda_method8(Closure , IServiceProvider , Object[] )
   at Microsoft.AspNetCore.Mvc.Controllers.ControllerActivatorProvider.<>c__DisplayClass7_0.<CreateActivator>b__0(ControllerContext controllerContext)
   at Microsoft.AspNetCore.Mvc.Controllers.ControllerFactoryProvider.<>c__DisplayClass6_0.<CreateControllerFactory>g__CreateController|0(ControllerContext controllerContext)
   at Microsoft.AspNetCore.Mvc.Infrastructure.ControllerActionInvoker.Next(State& next, Scope& scope, Object& state, Boolean& isCompleted)
   at Microsoft.AspNetCore.Mvc.Infrastructure.ControllerActionInvoker.InvokeInnerFilterAsync()
--- End of stack trace from previous location ---
   at Microsoft.AspNetCore.Mvc.Infrastructure.ResourceInvoker.<InvokeFilterPipelineAsync>g__Awaited|20_0(ResourceInvoker invoker, Task lastTask, State next, Scope scope, Object state, Boolean isCompleted)
   at Microsoft.AspNetCore.Mvc.Infrastructure.ResourceInvoker.<InvokeAsync>g__Awaited|17_0(ResourceInvoker invoker, Task task, IDisposable scope)
   at Microsoft.AspNetCore.Mvc.Infrastructure.ResourceInvoker.<InvokeAsync>g__Awaited|17_0(ResourceInvoker invoker, Task task, IDisposable scope)
   at Microsoft.AspNetCore.Routing.EndpointMiddleware.<Invoke>g__AwaitRequestTask|6_0(Endpoint endpoint, Task requestTask, ILogger logger)
   at V22WebServer.MiddleWare.UserSessionMiddleWare.InvokeAsync(HttpContext context) in E:\Com2us\V22\V22WebServer\V22WebServer\MiddleWare\UserSessionMiddleWare.cs:line 41
   at Microsoft.AspNetCore.Diagnostics.DeveloperExceptionPageMiddleware.Invoke(HttpContext context)
An unhandled exception has occurred while executing the request.
System.InvalidOperationException: Unable to resolve service for type 'Microsoft.Extensions.Caching.Memory.IMemoryCache' while attempting to activate 'V22WebServer.Controllers.LoginController'.
   at Microsoft.Extensions.DependencyInjection.ActivatorUtilities.GetService(IServiceProvider sp, Type type, Type requiredBy, Boolean isDefaultParameterRequired)
   at lambda_method8(Closure , IServiceProvider , Object[] )
   at Microsoft.AspNetCore.Mvc.Controllers.ControllerActivatorProvider.<>c__DisplayClass7_0.<CreateActivator>b__0(ControllerContext controllerContext)
   at Microsoft.AspNetCore.Mvc.Controllers.ControllerFactoryProvider.<>c__DisplayClass6_0.<CreateControllerFactory>g__CreateController|0(ControllerContext controllerContext)
   at Microsoft.AspNetCore.Mvc.Infrastructure.ControllerActionInvoker.Next(State& next, Scope& scope, Object& state, Boolean& isCompleted)
   at Microsoft.AspNetCore.Mvc.Infrastructure.ControllerActionInvoker.InvokeInnerFilterAsync()
--- End of stack trace from previous location ---
   at Microsoft.AspNetCore.Mvc.Infrastructure.ResourceInvoker.<InvokeFilterPipelineAsync>g__Awaited|20_0(ResourceInvoker invoker, Task lastTask, State next, Scope scope, Object state, Boolean isCompleted)
   at Microsoft.AspNetCore.Mvc.Infrastructure.ResourceInvoker.<InvokeAsync>g__Awaited|17_0(ResourceInvoker invoker, Task task, IDisposable scope)
   at Microsoft.AspNetCore.Mvc.Infrastructure.ResourceInvoker.<InvokeAsync>g__Awaited|17_0(ResourceInvoker invoker, Task task, IDisposable scope)
   at Microsoft.AspNetCore.Routing.EndpointMiddleware.<Invoke>g__AwaitRequestTask|6_0(Endpoint endpoint, Task requestTask, ILogger logger)
   at V22WebServer.MiddleWare.UserSessionMiddleWare.InvokeAsync(HttpContext context) in E:\Com2us\V22\V22WebServer\V22WebServer\MiddleWare\UserSessionMiddleWare.cs:line 41
   at Microsoft.AspNetCore.Diagnostics.DeveloperExceptionPageMiddleware.Invoke(HttpContext context)
Now listening on: https://localhost:7123
Now listening on: http://localhost:5123
Application started. Press Ctrl+C to shut down.
Hosting environment: Development
Content root path: E:\Com2us\V22\V22WebServer\V22WebServer\
An unhandled exception has occurred while executing the request.
System.InvalidOperationException: Unable to resolve service for type 'Microsoft.Extensions.Caching.Memory.IMemoryCache' while attempting to activate 'V22WebServer.Controllers.LoginController'.
   at Microsoft.Extensions.DependencyInjection.ActivatorUtilities.GetService(IServiceProvider sp, Type type, Type requiredBy, Boolean isDefaultParameterRequired)
   at lambda_method8(Closure , IServiceProvider , Object[] )
   at Microsoft.AspNetCore.Mvc.Controllers.ControllerActivatorProvider.<>c__DisplayClass7_0.<CreateActivator>b__0(ControllerContext controllerContext)
   at Microsoft.AspNetCore.Mvc.Controllers.ControllerFactoryProvider.<>c__DisplayClass6_0.<CreateControllerFactory>g__CreateController|0(ControllerContext controllerContext)
   at Microsoft.AspNetCore.Mvc.Infrastructure.ControllerActionInvoker.Next(State& next, Scope& scope, Object& state, Boolean& isCompleted)
   at Microsoft.AspNetCore.Mvc.Infrastructure.ControllerActionInvoker.InvokeInnerFilterAsync()
--- End of stack trace from previous location ---
   at Microsoft.AspNetCore.Mvc.Infrastructure.ResourceInvoker.<InvokeFilterPipelineAsync>g__Awaited|20_0(ResourceInvoker invoker, Task lastTask, State next, Scope scope, Object state, Boolean isCompleted)
   at Microsoft.AspNetCore.Mvc.Infrastructure.ResourceInvoker.<InvokeAsync>g__Awaited|17_0(ResourceInvoker invoker, Task task, IDisposable scope)
   at Microsoft.AspNetCore.Mvc.Infrastructure.ResourceInvoker.<InvokeAsync>g__Awaited|17_0(ResourceInvoker invoker, Task task, IDisposable scope)
   at Microsoft.AspNetCore.Routing.EndpointMiddleware.<Invoke>g__AwaitRequestTask|6_0(Endpoint endpoint, Task requestTask, ILogger logger)
   at V22WebServer.MiddleWare.UserSessionMiddleWare.InvokeAsync(HttpContext context) in E:\Com2us\V22\V22WebServer\V22WebServer\MiddleWare\UserSessionMiddleWare.cs:line 41
   at Microsoft.AspNetCore.Diagnostics.DeveloperExceptionPageMiddleware.Invoke(HttpContext context)
Application is shutting down...
Now listening on: https://localhost:7123
Now listening on: http://localhost:5123
Application started. Press Ctrl+C to shut down.
Hosting environment: Development
Content root path: E:\Com2us\V22\V22WebServer\V22WebServer\
[Request Login] ID:younginyoungin, PW:youngni33
Application is shutting down...
Now listening on: https://localhost:7123
Now listening on: http://localhost:5123
Application started. Press Ctrl+C to shut down.
Hosting environment: Development
Content root path: E:\Com2us\V22\V22WebServer\V22WebServer\
[Request Login] ID:younginyoungin, PW:youngni33
Application is shutting down...
Now listening on: https://localhost:7123
Now listening on: http://localhost:5123
Application started. Press Ctrl+C to shut down.
Hosting environment: Development
Content root path: E:\Com2us\V22\V22WebServer\V22WebServer\
Application is shutting down...
Now listening on: https://localhost:7123
Now listening on: http://localhost:5123
Application started. Press Ctrl+C to shut down.
Hosting environment: Development
Content root path: E:\Com2us\V22\V22WebServer\V22WebServer\
Application is shutting down...
Now listening on: https://localhost:7123
Now listening on: http://localhost:5123
Application started. Press Ctrl+C to shut down.
Hosting environment: Development
Content root path: E:\Com2us\V22\V22WebServer\V22WebServer\
Application is shutting down...
Now listening on: https://localhost:7123
Now listening on: http://localhost:5123
Application started. Press Ctrl+C to shut down.
Hosting environment: Development
Content root path: E:\Com2us\V22\V22WebServer\V22WebServer\
Application is shutting down...
Now listening on: https://localhost:7123
Now listening on: http://localhost:5123
Application started. Press Ctrl+C to shut down.
Hosting environment: Development
Content root path: E:\Com2us\V22\V22WebServer\V22WebServer\
Application is shutting down...
Now listening on: https://localhost:7123
Now listening on: http://localhost:5123
Application started. Press Ctrl+C to shut down.
Hosting environment: Development
Content root path: E:\Com2us\V22\V22WebServer\V22WebServer\
Application is shutting down...
Now listening on: https://localhost:7123
Now listening on: http://localhost:5123
Application started. Press Ctrl+C to shut down.
Hosting environment: Development
Content root path: E:\Com2us\V22\V22WebServer\V22WebServer\
Application is shutting down...
